<?xml version="1.0" encoding="UTF-8"?>
<testsuite name="com.polarbookshop.configservice.ConfigServiceApplicationTests" tests="1" skipped="0" failures="0" errors="0" timestamp="2025-01-20T13:48:21" hostname="jeonghwajin-ui-MacBookAir.local" time="0.366">
  <properties/>
  <testcase name="contextLoads()" classname="com.polarbookshop.configservice.ConfigServiceApplicationTests" time="0.366"/>
  <system-out><![CDATA[22:48:18.648 [Test worker] INFO org.springframework.test.context.support.AnnotationConfigContextLoaderUtils -- Could not detect default configuration classes for test class [com.polarbookshop.configservice.ConfigServiceApplicationTests]: ConfigServiceApplicationTests does not declare any static, non-private, non-final, nested classes annotated with @Configuration.
22:48:18.694 [Test worker] INFO org.springframework.boot.test.context.SpringBootTestContextBootstrapper -- Found @SpringBootConfiguration com.polarbookshop.configservice.ConfigServiceApplication for test class com.polarbookshop.configservice.ConfigServiceApplicationTests

  .   ____          _            __ _ _
 /\\ / ___'_ __ _ _(_)_ __  __ _ \ \ \ \
( ( )\___ | '_ | '_| | '_ \/ _` | \ \ \ \
 \\/  ___)| |_)| | | | | || (_| |  ) ) ) )
  '  |____| .__|_| |_|_| |_\__, | / / / /
 =========|_|==============|___/=/_/_/_/

 :: Spring Boot ::                (v3.4.1)

2025-01-20T22:48:18.959+09:00  INFO 13381 --- [config-service] [    Test worker] c.p.c.ConfigServiceApplicationTests      : Starting ConfigServiceApplicationTests using Java 17.0.13 with PID 13381 (started by jeonghwajin in /Users/HJChung_MacBookAir/Desktop/Java_WorkSpace/springboot_workspace/config-service)
2025-01-20T22:48:18.959+09:00  INFO 13381 --- [config-service] [    Test worker] c.p.c.ConfigServiceApplicationTests      : No active profile set, falling back to 1 default profile: "default"
2025-01-20T22:48:19.290+09:00  INFO 13381 --- [config-service] [    Test worker] o.s.cloud.context.scope.GenericScope     : BeanFactory id=584fc2f0-ba98-3206-9e05-d066c54598a5
2025-01-20T22:48:21.095+09:00  INFO 13381 --- [config-service] [    Test worker] c.p.c.ConfigServiceApplicationTests      : Started ConfigServiceApplicationTests in 2.263 seconds (process running for 2.8)
]]></system-out>
  <system-err><![CDATA[]]></system-err>
</testsuite>
